0 info it worked if it ends with ok
1 verbose cli [ 'node', '/usr/local/bin/npm', 'publish' ]
2 info using npm@1.2.18
3 info using node@v0.10.5
4 verbose publish [ '.' ]
5 verbose read json /Users/craig/Developer/Public/capirona/package.json
6 verbose cache add [ '.', null ]
7 verbose cache add name=undefined spec="." args=[".",null]
8 verbose parsed url { protocol: null,
8 verbose parsed url   slashes: null,
8 verbose parsed url   auth: null,
8 verbose parsed url   host: null,
8 verbose parsed url   port: null,
8 verbose parsed url   hostname: null,
8 verbose parsed url   hash: null,
8 verbose parsed url   search: null,
8 verbose parsed url   query: null,
8 verbose parsed url   pathname: '.',
8 verbose parsed url   path: '.',
8 verbose parsed url   href: '.' }
9 silly lockFile 3a52ce78- .
10 verbose lock . /Users/craig/.npm/3a52ce78-.lock
11 verbose read json package.json
12 verbose tar pack [ '/var/folders/n1/r96x64mx6jzcbzkbz1ddrw6r0000gn/T/npm-23410/1370124549864-0.5314696901477873/tmp.tgz',
12 verbose tar pack   '.' ]
13 verbose tarball /var/folders/n1/r96x64mx6jzcbzkbz1ddrw6r0000gn/T/npm-23410/1370124549864-0.5314696901477873/tmp.tgz
14 verbose folder .
15 info prepublish ribbit@0.0.2
16 silly lockFile 3a52ce78- .
17 verbose lock . /Users/craig/.npm/3a52ce78-.lock
18 silly lockFile 2586d257-49864-0-5314696901477873-tmp-tgz /var/folders/n1/r96x64mx6jzcbzkbz1ddrw6r0000gn/T/npm-23410/1370124549864-0.5314696901477873/tmp.tgz
19 verbose lock /var/folders/n1/r96x64mx6jzcbzkbz1ddrw6r0000gn/T/npm-23410/1370124549864-0.5314696901477873/tmp.tgz /Users/craig/.npm/2586d257-49864-0-5314696901477873-tmp-tgz.lock
20 silly lockFile 3a52ce78- .
21 silly lockFile 3a52ce78- .
22 silly lockFile 2586d257-49864-0-5314696901477873-tmp-tgz /var/folders/n1/r96x64mx6jzcbzkbz1ddrw6r0000gn/T/npm-23410/1370124549864-0.5314696901477873/tmp.tgz
23 silly lockFile 2586d257-49864-0-5314696901477873-tmp-tgz /var/folders/n1/r96x64mx6jzcbzkbz1ddrw6r0000gn/T/npm-23410/1370124549864-0.5314696901477873/tmp.tgz
24 verbose tar unpack /var/folders/n1/r96x64mx6jzcbzkbz1ddrw6r0000gn/T/npm-23410/1370124549864-0.5314696901477873/tmp.tgz
25 silly lockFile 3719554c-49864-0-5314696901477873-package /var/folders/n1/r96x64mx6jzcbzkbz1ddrw6r0000gn/T/npm-23410/1370124549864-0.5314696901477873/package
26 verbose lock /var/folders/n1/r96x64mx6jzcbzkbz1ddrw6r0000gn/T/npm-23410/1370124549864-0.5314696901477873/package /Users/craig/.npm/3719554c-49864-0-5314696901477873-package.lock
27 silly lockFile 2586d257-49864-0-5314696901477873-tmp-tgz /var/folders/n1/r96x64mx6jzcbzkbz1ddrw6r0000gn/T/npm-23410/1370124549864-0.5314696901477873/tmp.tgz
28 verbose lock /var/folders/n1/r96x64mx6jzcbzkbz1ddrw6r0000gn/T/npm-23410/1370124549864-0.5314696901477873/tmp.tgz /Users/craig/.npm/2586d257-49864-0-5314696901477873-tmp-tgz.lock
29 silly gunzTarPerm modes [ '755', '644' ]
30 silly gunzTarPerm extractEntry package.json
31 silly gunzTarPerm extractEntry .npmignore
32 silly gunzTarPerm extractEntry README.md
33 silly gunzTarPerm modified mode [ 'README.md', 511, 493 ]
34 silly gunzTarPerm extractEntry lib/context.js
35 silly gunzTarPerm extractEntry lib/index.js
36 silly gunzTarPerm extractEntry lib/node.js
37 silly gunzTarPerm extractEntry lib/commands/index.js
38 silly gunzTarPerm extractEntry lib/evaluators/base.js
39 silly gunzTarPerm extractEntry lib/evaluators/call.js
40 silly gunzTarPerm extractEntry lib/evaluators/def.js
41 silly gunzTarPerm extractEntry lib/evaluators/fn.js
42 silly gunzTarPerm extractEntry lib/evaluators/index.js
43 silly gunzTarPerm extractEntry lib/expressions/base.js
44 silly gunzTarPerm extractEntry lib/expressions/call.js
45 silly gunzTarPerm extractEntry lib/expressions/def.js
46 silly gunzTarPerm extractEntry lib/expressions/index.js
47 silly gunzTarPerm extractEntry examples/copy-and-watch.js
48 silly gunzTarPerm extractEntry .cupboard
49 silly gunzTarPerm modified mode [ '.cupboard', 511, 493 ]
50 silly gunzTarPerm extractEntry makefile
51 silly gunzTarPerm extractEntry src/commands/index.coffee
52 silly gunzTarPerm extractEntry src/context.coffee
53 silly gunzTarPerm extractEntry src/evaluators/base.coffee
54 silly gunzTarPerm extractEntry src/evaluators/call.coffee
55 silly gunzTarPerm extractEntry src/evaluators/def.coffee
56 silly gunzTarPerm extractEntry src/evaluators/fn.coffee
57 silly gunzTarPerm extractEntry src/evaluators/index.coffee
58 silly gunzTarPerm extractEntry src/expressions/base.coffee
59 silly gunzTarPerm extractEntry src/expressions/call.coffee
60 silly gunzTarPerm extractEntry src/expressions/def.coffee
61 silly gunzTarPerm extractEntry src/expressions/index.coffee
62 silly gunzTarPerm extractEntry src/index.coffee
63 silly gunzTarPerm extractEntry src/node.coffee
64 silly gunzTarPerm extractEntry docs/pesudocode.js
65 silly gunzTarPerm modified mode [ 'docs/pesudocode.js', 511, 493 ]
66 silly gunzTarPerm extractEntry test/context-test.js
67 silly gunzTarPerm extractEntry test/def-test.js
68 silly gunzTarPerm extractEntry test/each-test.js
69 verbose read json /var/folders/n1/r96x64mx6jzcbzkbz1ddrw6r0000gn/T/npm-23410/1370124549864-0.5314696901477873/package/package.json
70 silly lockFile 3719554c-49864-0-5314696901477873-package /var/folders/n1/r96x64mx6jzcbzkbz1ddrw6r0000gn/T/npm-23410/1370124549864-0.5314696901477873/package
71 silly lockFile 3719554c-49864-0-5314696901477873-package /var/folders/n1/r96x64mx6jzcbzkbz1ddrw6r0000gn/T/npm-23410/1370124549864-0.5314696901477873/package
72 silly lockFile 2586d257-49864-0-5314696901477873-tmp-tgz /var/folders/n1/r96x64mx6jzcbzkbz1ddrw6r0000gn/T/npm-23410/1370124549864-0.5314696901477873/tmp.tgz
73 silly lockFile 2586d257-49864-0-5314696901477873-tmp-tgz /var/folders/n1/r96x64mx6jzcbzkbz1ddrw6r0000gn/T/npm-23410/1370124549864-0.5314696901477873/tmp.tgz
74 verbose from cache /var/folders/n1/r96x64mx6jzcbzkbz1ddrw6r0000gn/T/npm-23410/1370124549864-0.5314696901477873/package/package.json
75 verbose tar pack [ '/Users/craig/.npm/ribbit/0.0.2/package.tgz',
75 verbose tar pack   '/var/folders/n1/r96x64mx6jzcbzkbz1ddrw6r0000gn/T/npm-23410/1370124549864-0.5314696901477873/package' ]
76 verbose tarball /Users/craig/.npm/ribbit/0.0.2/package.tgz
77 verbose folder /var/folders/n1/r96x64mx6jzcbzkbz1ddrw6r0000gn/T/npm-23410/1370124549864-0.5314696901477873/package
78 silly lockFile 3719554c-49864-0-5314696901477873-package /var/folders/n1/r96x64mx6jzcbzkbz1ddrw6r0000gn/T/npm-23410/1370124549864-0.5314696901477873/package
79 verbose lock /var/folders/n1/r96x64mx6jzcbzkbz1ddrw6r0000gn/T/npm-23410/1370124549864-0.5314696901477873/package /Users/craig/.npm/3719554c-49864-0-5314696901477873-package.lock
80 silly lockFile 37d53c1f-aig-npm-ribbit-0-0-2-package-tgz /Users/craig/.npm/ribbit/0.0.2/package.tgz
81 verbose lock /Users/craig/.npm/ribbit/0.0.2/package.tgz /Users/craig/.npm/37d53c1f-aig-npm-ribbit-0-0-2-package-tgz.lock
82 silly lockFile 3719554c-49864-0-5314696901477873-package /var/folders/n1/r96x64mx6jzcbzkbz1ddrw6r0000gn/T/npm-23410/1370124549864-0.5314696901477873/package
83 silly lockFile 3719554c-49864-0-5314696901477873-package /var/folders/n1/r96x64mx6jzcbzkbz1ddrw6r0000gn/T/npm-23410/1370124549864-0.5314696901477873/package
84 silly lockFile 37d53c1f-aig-npm-ribbit-0-0-2-package-tgz /Users/craig/.npm/ribbit/0.0.2/package.tgz
85 silly lockFile 37d53c1f-aig-npm-ribbit-0-0-2-package-tgz /Users/craig/.npm/ribbit/0.0.2/package.tgz
86 silly lockFile 7ab3c111-s-craig-npm-ribbit-0-0-2-package /Users/craig/.npm/ribbit/0.0.2/package
87 verbose lock /Users/craig/.npm/ribbit/0.0.2/package /Users/craig/.npm/7ab3c111-s-craig-npm-ribbit-0-0-2-package.lock
88 silly lockFile 7ab3c111-s-craig-npm-ribbit-0-0-2-package /Users/craig/.npm/ribbit/0.0.2/package
89 silly lockFile 7ab3c111-s-craig-npm-ribbit-0-0-2-package /Users/craig/.npm/ribbit/0.0.2/package
90 verbose tar unpack /Users/craig/.npm/ribbit/0.0.2/package.tgz
91 silly lockFile 7ab3c111-s-craig-npm-ribbit-0-0-2-package /Users/craig/.npm/ribbit/0.0.2/package
92 verbose lock /Users/craig/.npm/ribbit/0.0.2/package /Users/craig/.npm/7ab3c111-s-craig-npm-ribbit-0-0-2-package.lock
93 silly lockFile 37d53c1f-aig-npm-ribbit-0-0-2-package-tgz /Users/craig/.npm/ribbit/0.0.2/package.tgz
94 verbose lock /Users/craig/.npm/ribbit/0.0.2/package.tgz /Users/craig/.npm/37d53c1f-aig-npm-ribbit-0-0-2-package-tgz.lock
95 silly gunzTarPerm modes [ '755', '644' ]
96 silly gunzTarPerm extractEntry package.json
97 silly gunzTarPerm extractEntry .npmignore
98 silly gunzTarPerm extractEntry README.md
99 silly gunzTarPerm extractEntry .cupboard
100 silly gunzTarPerm extractEntry docs/pesudocode.js
101 silly gunzTarPerm extractEntry examples/copy-and-watch.js
102 silly gunzTarPerm extractEntry lib/context.js
103 silly gunzTarPerm extractEntry lib/index.js
104 silly gunzTarPerm extractEntry lib/node.js
105 silly gunzTarPerm extractEntry lib/commands/index.js
106 silly gunzTarPerm extractEntry lib/evaluators/base.js
107 silly gunzTarPerm extractEntry lib/evaluators/call.js
108 silly gunzTarPerm extractEntry lib/evaluators/def.js
109 silly gunzTarPerm extractEntry lib/evaluators/fn.js
110 silly gunzTarPerm extractEntry lib/evaluators/index.js
111 silly gunzTarPerm extractEntry lib/expressions/base.js
112 silly gunzTarPerm extractEntry lib/expressions/call.js
113 silly gunzTarPerm extractEntry lib/expressions/def.js
114 silly gunzTarPerm extractEntry lib/expressions/index.js
115 silly gunzTarPerm extractEntry makefile
116 silly gunzTarPerm extractEntry src/commands/index.coffee
117 silly gunzTarPerm extractEntry src/context.coffee
118 silly gunzTarPerm extractEntry src/evaluators/base.coffee
119 silly gunzTarPerm extractEntry src/evaluators/call.coffee
120 silly gunzTarPerm extractEntry src/evaluators/def.coffee
121 silly gunzTarPerm extractEntry src/evaluators/fn.coffee
122 silly gunzTarPerm extractEntry src/evaluators/index.coffee
123 silly gunzTarPerm extractEntry src/expressions/base.coffee
124 silly gunzTarPerm extractEntry src/expressions/call.coffee
125 silly gunzTarPerm extractEntry src/expressions/def.coffee
126 silly gunzTarPerm extractEntry src/expressions/index.coffee
127 silly gunzTarPerm extractEntry src/index.coffee
128 silly gunzTarPerm extractEntry src/node.coffee
129 silly gunzTarPerm extractEntry test/context-test.js
130 silly gunzTarPerm extractEntry test/def-test.js
131 silly gunzTarPerm extractEntry test/each-test.js
132 verbose read json /Users/craig/.npm/ribbit/0.0.2/package/package.json
133 silly lockFile 7ab3c111-s-craig-npm-ribbit-0-0-2-package /Users/craig/.npm/ribbit/0.0.2/package
134 silly lockFile 7ab3c111-s-craig-npm-ribbit-0-0-2-package /Users/craig/.npm/ribbit/0.0.2/package
135 silly lockFile 37d53c1f-aig-npm-ribbit-0-0-2-package-tgz /Users/craig/.npm/ribbit/0.0.2/package.tgz
136 silly lockFile 37d53c1f-aig-npm-ribbit-0-0-2-package-tgz /Users/craig/.npm/ribbit/0.0.2/package.tgz
137 silly shasum updated bytes 7272
138 info shasum 4ee343804546c1149794628dce51ee3a35d43aee
138 info shasum /Users/craig/.npm/ribbit/0.0.2/package.tgz
139 verbose from cache /Users/craig/.npm/ribbit/0.0.2/package/package.json
140 verbose chmod /Users/craig/.npm/ribbit/0.0.2/package.tgz 644
141 verbose chown /Users/craig/.npm/ribbit/0.0.2/package.tgz [ 501, 20 ]
142 silly lockFile 3a52ce78- .
143 silly publish { author: '',
143 silly publish   name: 'ribbit',
143 silly publish   version: '0.0.2',
143 silly publish   repository: { url: '' },
143 silly publish   main: './lib/index.js',
143 silly publish   dependencies:
143 silly publish    { async: '0.2.x',
143 silly publish      crema: '0.1.x',
143 silly publish      dref: '0.0.x',
143 silly publish      comerr: '0.0.x',
143 silly publish      ejs: '0.8.x',
143 silly publish      outcome: '0.0.x',
143 silly publish      'type-component': '0.0.x',
143 silly publish      flatstack: '0.0.x' },
143 silly publish   devDependencies: { 'expect.js': '~0.2.0', mocha: '~1.10.0' },
143 silly publish   readme: 'Javascript Tasks\n\n### Example task:\n\n```javascript\nvar ribbit = require("ribbit");\n\ncapirona.run({\n\t"def hello": {\n\t\t"run": function(context, next) {\n\t\t\tconsole.log("hello %s!", context.get("message"));\n\t\t\tnext();\t\n\t\t}\n\t}\n}).run({\n  "hello": {\n    "message": "Craig"\n  }\n}, function() {\n\tconsole.log("done");\n});\n```\n\n\n### API\n\ncreates a new runnable script\n\n#### .run(source, target, callback)\n\n\n\n\n\n',
143 silly publish   readmeFilename: 'README.md',
143 silly publish   _id: 'ribbit@0.0.2',
143 silly publish   description: 'Javascript Tasks',
143 silly publish   dist: { shasum: '4ee343804546c1149794628dce51ee3a35d43aee' },
143 silly publish   _from: '.' }
144 verbose url raw ribbit
145 verbose url resolving [ 'http://registry.npmjs.org/', './ribbit' ]
146 verbose url resolved http://registry.npmjs.org/ribbit
147 info trying registry request attempt 1 at 15:09:20
148 http PUT http://registry.npmjs.org/ribbit
149 http 409 http://registry.npmjs.org/ribbit
150 verbose url raw ribbit
151 verbose url resolving [ 'http://registry.npmjs.org/', './ribbit' ]
152 verbose url resolved http://registry.npmjs.org/ribbit
153 info trying registry request attempt 1 at 15:09:21
154 http GET http://registry.npmjs.org/ribbit
155 http 200 http://registry.npmjs.org/ribbit
156 error publish fail Cannot publish over existing version.
156 error publish fail Update the 'version' field in package.json and try again.
156 error publish fail
156 error publish fail If the previous version was published in error, see:
156 error publish fail     npm help unpublish
156 error publish fail
156 error publish fail To automatically increment version numbers, see:
156 error publish fail     npm help version
157 error System Darwin 12.3.0
158 error command "node" "/usr/local/bin/npm" "publish"
159 error cwd /Users/craig/Developer/Public/capirona
160 error node -v v0.10.5
161 error npm -v 1.2.18
162 error code EPUBLISHCONFLICT
163 verbose exit [ 1, true ]
